<?xml version="1.0" encoding="UTF-8"?>
<testsuite xmlns:xsi="http://www.w3.org/2001/XMLSchema-instance" xsi:noNamespaceSchemaLocation="https://maven.apache.org/surefire/maven-surefire-plugin/xsd/surefire-test-report.xsd" name="com.twa.flights.api.provider.alpha.controller.DocumentationControllerTest" time="0.036" tests="3" errors="0" skipped="0" failures="0">
  <properties>
[...]
</properties>
  <testcase name="should_redirect_documentation_error" classname="com.twa.flights.api.provider.alpha.controller.DocumentationControllerTest" time="0.033"/>
  <testcase name="should_redirect_documentation_without_error" classname="com.twa.flights.api.provider.alpha.controller.DocumentationControllerTest" time="0"/>
  <testcase name="should_redirect_documentation_error_message" classname="com.twa.flights.api.provider.alpha.controller.DocumentationControllerTest" time="0.001"/>
</testsuite>